{
  "stats": {
    "suites": 1,
    "tests": 5,
    "passes": 4,
    "pending": 0,
    "failures": 1,
    "start": "2023-01-31T01:59:06.525Z",
    "end": "2023-01-31T01:59:07.972Z",
    "duration": 1447,
    "testsRegistered": 5,
    "passPercent": 80,
    "pendingPercent": 0,
    "other": 0,
    "hasOther": false,
    "skipped": 0,
    "hasSkipped": false
  },
  "results": [
    {
      "uuid": "2b5e0bb2-3ecb-42d6-a553-67e80837a8c3",
      "title": "",
      "fullFile": "cypress/integration/FAILED_Test.js",
      "file": "cypress/integration/FAILED_Test.js",
      "beforeHooks": [],
      "afterHooks": [],
      "tests": [],
      "suites": [
        {
          "uuid": "9f31edb8-d16b-4163-b28b-7597120d0aac",
          "title": "API Testing Using Cypress",
          "fullFile": "",
          "file": "",
          "beforeHooks": [],
          "afterHooks": [],
          "tests": [
            {
              "title": "Validate a GET request",
              "fullTitle": "API Testing Using Cypress Validate a GET request",
              "timedOut": null,
              "duration": 552,
              "state": "failed",
              "speed": null,
              "pass": false,
              "fail": true,
              "pending": false,
              "context": null,
              "code": "cy.request({\n  method: 'GET',\n  url: 'https://httpbin.org/get'\n}).then(function (response) {\n  expect(response.body).have.property('url');\n  expect(response.body).have.property('=');\n});",
              "err": {
                "message": "AssertionError: expected { Object (args, headers, ...) } to have property '='",
                "estack": "AssertionError: expected { Object (args, headers, ...) } to have property '='\n    at Context.eval (http://localhost:51918/__cypress/tests?p=cypress/integration/FAILED_Test.js:106:34)",
                "diff": null
              },
              "uuid": "6ed7122b-79d1-4966-a1cb-8fa23c848e71",
              "parentUUID": "9f31edb8-d16b-4163-b28b-7597120d0aac",
              "isHook": false,
              "skipped": false
            },
            {
              "title": "Validate a POST request",
              "fullTitle": "API Testing Using Cypress Validate a POST request",
              "timedOut": null,
              "duration": 141,
              "state": "passed",
              "speed": "slow",
              "pass": true,
              "fail": false,
              "pending": false,
              "context": null,
              "code": "cy.request({\n  method: 'POST',\n  url: 'https://httpbin.org/post',\n  body: {\n    'name': 'Shahin',\n    'age': 27\n  },\n  headers: {\n    'content-type': 'application/json'\n  }\n}).then(function (response) {\n  expect(response.body).have.property('json');\n  expect(response.body.json).to.deep.equal({\n    \"name\": \"Shahin\",\n    \"age\": 27\n  });\n});",
              "err": {},
              "uuid": "900f5445-0cdb-4460-88f2-727349dcb228",
              "parentUUID": "9f31edb8-d16b-4163-b28b-7597120d0aac",
              "isHook": false,
              "skipped": false
            },
            {
              "title": "Validate a PUT request",
              "fullTitle": "API Testing Using Cypress Validate a PUT request",
              "timedOut": null,
              "duration": 113,
              "state": "passed",
              "speed": "slow",
              "pass": true,
              "fail": false,
              "pending": false,
              "context": null,
              "code": "cy.request({\n  method: 'PUT',\n  url: 'https://httpbin.org/put',\n  body: {\n    'name': 'Ghazala',\n    'age': 28\n  },\n  headers: {\n    'content-type': 'application/json'\n  }\n}).then(function (response) {\n  expect(response.body).have.property('json');\n  expect(response.body.json).to.deep.equal({\n    \"name\": \"Ghazala\",\n    \"age\": 28\n  });\n});",
              "err": {},
              "uuid": "90491f66-6e69-4165-865d-ca8136b62dd4",
              "parentUUID": "9f31edb8-d16b-4163-b28b-7597120d0aac",
              "isHook": false,
              "skipped": false
            },
            {
              "title": "Validate a PATCH request",
              "fullTitle": "API Testing Using Cypress Validate a PATCH request",
              "timedOut": null,
              "duration": 114,
              "state": "passed",
              "speed": "slow",
              "pass": true,
              "fail": false,
              "pending": false,
              "context": null,
              "code": "cy.request({\n  method: 'PATCH',\n  url: 'https://httpbin.org/patch',\n  body: {\n    'name': 'Ghazala',\n    'Profession': 'Tester',\n    'age': 28\n  },\n  headers: {\n    'content-type': 'application/json'\n  }\n}).then(function (response) {\n  expect(response.body).have.property('json');\n  expect(response.body.json).to.deep.equal({\n    \"name\": \"Ghazala\",\n    \"Profession\": \"Tester\",\n    \"age\": 28\n  });\n});",
              "err": {},
              "uuid": "b46f248f-ad3e-4933-8f23-1bbb11023f92",
              "parentUUID": "9f31edb8-d16b-4163-b28b-7597120d0aac",
              "isHook": false,
              "skipped": false
            },
            {
              "title": "Validate a DELETE request",
              "fullTitle": "API Testing Using Cypress Validate a DELETE request",
              "timedOut": null,
              "duration": 393,
              "state": "passed",
              "speed": "slow",
              "pass": true,
              "fail": false,
              "pending": false,
              "context": null,
              "code": "cy.request({\n  method: 'DELETE',\n  url: 'https://httpbin.org/delete'\n}).then(function (response) {\n  expect(response.body.json).to.equal(null);\n});",
              "err": {},
              "uuid": "302fc293-42e4-4ad6-8b12-bdfe97d8148d",
              "parentUUID": "9f31edb8-d16b-4163-b28b-7597120d0aac",
              "isHook": false,
              "skipped": false
            }
          ],
          "suites": [],
          "passes": [
            "900f5445-0cdb-4460-88f2-727349dcb228",
            "90491f66-6e69-4165-865d-ca8136b62dd4",
            "b46f248f-ad3e-4933-8f23-1bbb11023f92",
            "302fc293-42e4-4ad6-8b12-bdfe97d8148d"
          ],
          "failures": [
            "6ed7122b-79d1-4966-a1cb-8fa23c848e71"
          ],
          "pending": [],
          "skipped": [],
          "duration": 1313,
          "root": false,
          "rootEmpty": false,
          "_timeout": 2000
        }
      ],
      "passes": [],
      "failures": [],
      "pending": [],
      "skipped": [],
      "duration": 0,
      "root": true,
      "rootEmpty": true,
      "_timeout": 2000
    }
  ],
  "meta": {
    "mocha": {
      "version": "7.0.1"
    },
    "mochawesome": {
      "options": {
        "quiet": false,
        "reportFilename": "mochawesome",
        "saveHtml": true,
        "saveJson": true,
        "consoleReporter": "spec",
        "useInlineDiffs": false,
        "code": true
      },
      "version": "7.1.3"
    },
    "marge": {
      "options": {
        "charts": false,
        "html": true,
        "json": true,
        "reportDir": "cypress/report/mochawesome-report",
        "overwrite": false,
        "inline": true
      },
      "version": "6.2.0"
    }
  }
}