{
  "stats": {
    "suites": 1,
    "tests": 5,
    "passes": 5,
    "pending": 0,
    "failures": 0,
    "start": "2021-02-03T16:47:26.312Z",
    "end": "2021-02-03T16:47:29.788Z",
    "duration": 3476,
    "testsRegistered": 5,
    "passPercent": 100,
    "pendingPercent": 0,
    "other": 0,
    "hasOther": false,
    "skipped": 0,
    "hasSkipped": false
  },
  "results": [
    {
      "uuid": "de5fbbc1-a860-4e05-9131-8074ca4d013c",
      "title": "",
      "fullFile": "cypress/integration/1PASSED_Test.js",
      "file": "cypress/integration/1PASSED_Test.js",
      "beforeHooks": [],
      "afterHooks": [],
      "tests": [],
      "suites": [
        {
          "uuid": "924b7861-3a1a-49e3-b7af-5f70b4c225e9",
          "title": "API Testing Using Cypress",
          "fullFile": "",
          "file": "",
          "beforeHooks": [],
          "afterHooks": [],
          "tests": [
            {
              "title": "Validate a GET request",
              "fullTitle": "API Testing Using Cypress Validate a GET request",
              "timedOut": null,
              "duration": 1943,
              "state": "passed",
              "speed": "slow",
              "pass": true,
              "fail": false,
              "pending": false,
              "context": null,
              "code": "cy.request({\n  method: 'GET',\n  url: 'https://httpbin.org/get'\n}).then(function (response) {\n  expect(response.body).have.property('url');\n});",
              "err": {},
              "uuid": "c6b9bd1e-f175-496c-8ce0-6dc633633404",
              "parentUUID": "924b7861-3a1a-49e3-b7af-5f70b4c225e9",
              "isHook": false,
              "skipped": false
            },
            {
              "title": "Validate a POST request",
              "fullTitle": "API Testing Using Cypress Validate a POST request",
              "timedOut": null,
              "duration": 392,
              "state": "passed",
              "speed": "slow",
              "pass": true,
              "fail": false,
              "pending": false,
              "context": null,
              "code": "cy.request({\n  method: 'POST',\n  url: 'https://httpbin.org/post',\n  body: {\n    'name': 'Shahin',\n    'age': 27\n  },\n  headers: {\n    'content-type': 'application/json'\n  }\n}).then(function (response) {\n  expect(response.body).have.property('json');\n  expect(response.body.json).to.deep.equal({\n    \"name\": \"Shahin\",\n    \"age\": 27\n  });\n});",
              "err": {},
              "uuid": "da4ba71b-3556-4c9c-9957-137d7f5cc555",
              "parentUUID": "924b7861-3a1a-49e3-b7af-5f70b4c225e9",
              "isHook": false,
              "skipped": false
            },
            {
              "title": "Validate a PUT request",
              "fullTitle": "API Testing Using Cypress Validate a PUT request",
              "timedOut": null,
              "duration": 401,
              "state": "passed",
              "speed": "slow",
              "pass": true,
              "fail": false,
              "pending": false,
              "context": null,
              "code": "cy.request({\n  method: 'PUT',\n  url: 'https://httpbin.org/put',\n  body: {\n    'name': 'Ghazala',\n    'age': 28\n  },\n  headers: {\n    'content-type': 'application/json'\n  }\n}).then(function (response) {\n  expect(response.body).have.property('json');\n  expect(response.body.json).to.deep.equal({\n    \"name\": \"Ghazala\",\n    \"age\": 28\n  });\n});",
              "err": {},
              "uuid": "d5f57a63-ae4b-4531-95c4-f3b1fe6fc358",
              "parentUUID": "924b7861-3a1a-49e3-b7af-5f70b4c225e9",
              "isHook": false,
              "skipped": false
            },
            {
              "title": "Validate a PATCH request",
              "fullTitle": "API Testing Using Cypress Validate a PATCH request",
              "timedOut": null,
              "duration": 300,
              "state": "passed",
              "speed": "slow",
              "pass": true,
              "fail": false,
              "pending": false,
              "context": null,
              "code": "cy.request({\n  method: 'PATCH',\n  url: 'https://httpbin.org/patch',\n  body: {\n    'name': 'Ghazala',\n    'Profession': 'Tester',\n    'age': 28\n  },\n  headers: {\n    'content-type': 'application/json'\n  }\n}).then(function (response) {\n  expect(response.body).have.property('json');\n  expect(response.body.json).to.deep.equal({\n    \"name\": \"Ghazala\",\n    \"Profession\": \"Tester\",\n    \"age\": 28\n  });\n});",
              "err": {},
              "uuid": "798b69d0-254c-4d89-9363-42c55b4da462",
              "parentUUID": "924b7861-3a1a-49e3-b7af-5f70b4c225e9",
              "isHook": false,
              "skipped": false
            },
            {
              "title": "Validate a DELETE request",
              "fullTitle": "API Testing Using Cypress Validate a DELETE request",
              "timedOut": null,
              "duration": 411,
              "state": "passed",
              "speed": "slow",
              "pass": true,
              "fail": false,
              "pending": false,
              "context": null,
              "code": "cy.request({\n  method: 'DELETE',\n  url: 'https://httpbin.org/delete'\n}).then(function (response) {\n  expect(response.body.json).to.equal(null);\n});",
              "err": {},
              "uuid": "87046d5e-2966-44da-b46f-c269e27ae288",
              "parentUUID": "924b7861-3a1a-49e3-b7af-5f70b4c225e9",
              "isHook": false,
              "skipped": false
            }
          ],
          "suites": [],
          "passes": [
            "c6b9bd1e-f175-496c-8ce0-6dc633633404",
            "da4ba71b-3556-4c9c-9957-137d7f5cc555",
            "d5f57a63-ae4b-4531-95c4-f3b1fe6fc358",
            "798b69d0-254c-4d89-9363-42c55b4da462",
            "87046d5e-2966-44da-b46f-c269e27ae288"
          ],
          "failures": [],
          "pending": [],
          "skipped": [],
          "duration": 3447,
          "root": false,
          "rootEmpty": false,
          "_timeout": 2000
        }
      ],
      "passes": [],
      "failures": [],
      "pending": [],
      "skipped": [],
      "duration": 0,
      "root": true,
      "rootEmpty": true,
      "_timeout": 2000
    }
  ],
  "meta": {
    "mocha": {
      "version": "7.0.1"
    },
    "mochawesome": {
      "options": {
        "quiet": false,
        "reportFilename": "mochawesome",
        "saveHtml": true,
        "saveJson": true,
        "consoleReporter": "spec",
        "useInlineDiffs": false,
        "code": true
      },
      "version": "6.2.1"
    },
    "marge": {
      "options": {
        "charts": false,
        "html": true,
        "json": true,
        "reportDir": "cypress/report/mochawesome-report",
        "overwrite": false,
        "inline": true
      },
      "version": "5.1.0"
    }
  }
}