{
  "stats": {
    "suites": 1,
    "tests": 5,
    "passes": 4,
    "pending": 0,
    "failures": 1,
    "start": "2023-01-31T00:36:23.289Z",
    "end": "2023-01-31T00:36:24.378Z",
    "duration": 1089,
    "testsRegistered": 5,
    "passPercent": 80,
    "pendingPercent": 0,
    "other": 0,
    "hasOther": false,
    "skipped": 0,
    "hasSkipped": false
  },
  "results": [
    {
      "uuid": "f2a50c38-2b65-48d1-9dee-ec04b5a49eea",
      "title": "",
      "fullFile": "cypress/integration/FAILED_Test.js",
      "file": "cypress/integration/FAILED_Test.js",
      "beforeHooks": [],
      "afterHooks": [],
      "tests": [],
      "suites": [
        {
          "uuid": "b070a07c-343e-4b9e-8dee-d2c531e2872c",
          "title": "API Testing Using Cypress",
          "fullFile": "",
          "file": "",
          "beforeHooks": [],
          "afterHooks": [],
          "tests": [
            {
              "title": "Validate a GET request",
              "fullTitle": "API Testing Using Cypress Validate a GET request",
              "timedOut": null,
              "duration": 516,
              "state": "failed",
              "speed": null,
              "pass": false,
              "fail": true,
              "pending": false,
              "context": null,
              "code": "cy.request({\n  method: 'GET',\n  url: 'https://httpbin.org/get'\n}).then(function (response) {\n  expect(response.body).have.property('url');\n  expect(response.body).have.property('=');\n});",
              "err": {
                "message": "AssertionError: expected { Object (args, headers, ...) } to have property '='",
                "estack": "AssertionError: expected { Object (args, headers, ...) } to have property '='\n    at Context.eval (http://localhost:54881/__cypress/tests?p=cypress/integration/FAILED_Test.js:106:34)",
                "diff": null
              },
              "uuid": "9b5f9c5a-94f1-4f0b-a565-66cfa3c87005",
              "parentUUID": "b070a07c-343e-4b9e-8dee-d2c531e2872c",
              "isHook": false,
              "skipped": false
            },
            {
              "title": "Validate a POST request",
              "fullTitle": "API Testing Using Cypress Validate a POST request",
              "timedOut": null,
              "duration": 137,
              "state": "passed",
              "speed": "slow",
              "pass": true,
              "fail": false,
              "pending": false,
              "context": null,
              "code": "cy.request({\n  method: 'POST',\n  url: 'https://httpbin.org/post',\n  body: {\n    'name': 'Shahin',\n    'age': 27\n  },\n  headers: {\n    'content-type': 'application/json'\n  }\n}).then(function (response) {\n  expect(response.body).have.property('json');\n  expect(response.body.json).to.deep.equal({\n    \"name\": \"Shahin\",\n    \"age\": 27\n  });\n});",
              "err": {},
              "uuid": "145efcd3-7ebe-4e95-b491-a67517bbaa9c",
              "parentUUID": "b070a07c-343e-4b9e-8dee-d2c531e2872c",
              "isHook": false,
              "skipped": false
            },
            {
              "title": "Validate a PUT request",
              "fullTitle": "API Testing Using Cypress Validate a PUT request",
              "timedOut": null,
              "duration": 110,
              "state": "passed",
              "speed": "slow",
              "pass": true,
              "fail": false,
              "pending": false,
              "context": null,
              "code": "cy.request({\n  method: 'PUT',\n  url: 'https://httpbin.org/put',\n  body: {\n    'name': 'Ghazala',\n    'age': 28\n  },\n  headers: {\n    'content-type': 'application/json'\n  }\n}).then(function (response) {\n  expect(response.body).have.property('json');\n  expect(response.body.json).to.deep.equal({\n    \"name\": \"Ghazala\",\n    \"age\": 28\n  });\n});",
              "err": {},
              "uuid": "3d001918-eb5a-4497-ae9b-b84cee3a9f3f",
              "parentUUID": "b070a07c-343e-4b9e-8dee-d2c531e2872c",
              "isHook": false,
              "skipped": false
            },
            {
              "title": "Validate a PATCH request",
              "fullTitle": "API Testing Using Cypress Validate a PATCH request",
              "timedOut": null,
              "duration": 113,
              "state": "passed",
              "speed": "slow",
              "pass": true,
              "fail": false,
              "pending": false,
              "context": null,
              "code": "cy.request({\n  method: 'PATCH',\n  url: 'https://httpbin.org/patch',\n  body: {\n    'name': 'Ghazala',\n    'Profession': 'Tester',\n    'age': 28\n  },\n  headers: {\n    'content-type': 'application/json'\n  }\n}).then(function (response) {\n  expect(response.body).have.property('json');\n  expect(response.body.json).to.deep.equal({\n    \"name\": \"Ghazala\",\n    \"Profession\": \"Tester\",\n    \"age\": 28\n  });\n});",
              "err": {},
              "uuid": "7be24772-eb96-42f0-8035-58848e5283cf",
              "parentUUID": "b070a07c-343e-4b9e-8dee-d2c531e2872c",
              "isHook": false,
              "skipped": false
            },
            {
              "title": "Validate a DELETE request",
              "fullTitle": "API Testing Using Cypress Validate a DELETE request",
              "timedOut": null,
              "duration": 114,
              "state": "passed",
              "speed": "slow",
              "pass": true,
              "fail": false,
              "pending": false,
              "context": null,
              "code": "cy.request({\n  method: 'DELETE',\n  url: 'https://httpbin.org/delete'\n}).then(function (response) {\n  expect(response.body.json).to.equal(null);\n});",
              "err": {},
              "uuid": "60b70c35-d6c4-452f-ba2d-648ea7da4fc2",
              "parentUUID": "b070a07c-343e-4b9e-8dee-d2c531e2872c",
              "isHook": false,
              "skipped": false
            }
          ],
          "suites": [],
          "passes": [
            "145efcd3-7ebe-4e95-b491-a67517bbaa9c",
            "3d001918-eb5a-4497-ae9b-b84cee3a9f3f",
            "7be24772-eb96-42f0-8035-58848e5283cf",
            "60b70c35-d6c4-452f-ba2d-648ea7da4fc2"
          ],
          "failures": [
            "9b5f9c5a-94f1-4f0b-a565-66cfa3c87005"
          ],
          "pending": [],
          "skipped": [],
          "duration": 990,
          "root": false,
          "rootEmpty": false,
          "_timeout": 2000
        }
      ],
      "passes": [],
      "failures": [],
      "pending": [],
      "skipped": [],
      "duration": 0,
      "root": true,
      "rootEmpty": true,
      "_timeout": 2000
    }
  ],
  "meta": {
    "mocha": {
      "version": "7.0.1"
    },
    "mochawesome": {
      "options": {
        "quiet": false,
        "reportFilename": "mochawesome",
        "saveHtml": true,
        "saveJson": true,
        "consoleReporter": "spec",
        "useInlineDiffs": false,
        "code": true
      },
      "version": "7.1.3"
    },
    "marge": {
      "options": {
        "charts": false,
        "html": true,
        "json": true,
        "reportDir": "cypress/report/mochawesome-report",
        "overwrite": false,
        "inline": true
      },
      "version": "6.2.0"
    }
  }
}