{
  "stats": {
    "suites": 1,
    "tests": 5,
    "passes": 5,
    "pending": 0,
    "failures": 0,
    "start": "2023-01-31T02:21:26.882Z",
    "end": "2023-01-31T02:21:27.565Z",
    "duration": 683,
    "testsRegistered": 5,
    "passPercent": 100,
    "pendingPercent": 0,
    "other": 0,
    "hasOther": false,
    "skipped": 0,
    "hasSkipped": false
  },
  "results": [
    {
      "uuid": "10d547f1-ce52-4c93-abfe-6c1e65103f2f",
      "title": "",
      "fullFile": "cypress/integration/FAILED_Test.js",
      "file": "cypress/integration/FAILED_Test.js",
      "beforeHooks": [],
      "afterHooks": [],
      "tests": [],
      "suites": [
        {
          "uuid": "dbc5ab80-3991-42f0-b325-26dff3106bb4",
          "title": "API Testing Using Cypress",
          "fullFile": "",
          "file": "",
          "beforeHooks": [],
          "afterHooks": [],
          "tests": [
            {
              "title": "Validate a GET request",
              "fullTitle": "API Testing Using Cypress Validate a GET request",
              "timedOut": null,
              "duration": 194,
              "state": "passed",
              "speed": "slow",
              "pass": true,
              "fail": false,
              "pending": false,
              "context": null,
              "code": "cy.request({\n  method: \"GET\",\n  url: \"https://httpbin.org/get\"\n}).then(function (response) {\n  expect(response.body).have.property(\"url\"); // expect(response.body).have.property('=');\n});",
              "err": {},
              "uuid": "4f7fd4cf-0efd-4f84-92ea-bd789e0c9642",
              "parentUUID": "dbc5ab80-3991-42f0-b325-26dff3106bb4",
              "isHook": false,
              "skipped": false
            },
            {
              "title": "Validate a POST request",
              "fullTitle": "API Testing Using Cypress Validate a POST request",
              "timedOut": null,
              "duration": 126,
              "state": "passed",
              "speed": "slow",
              "pass": true,
              "fail": false,
              "pending": false,
              "context": null,
              "code": "cy.request({\n  method: \"POST\",\n  url: \"https://httpbin.org/post\",\n  body: {\n    name: \"Shahin\",\n    age: 27\n  },\n  headers: {\n    \"content-type\": \"application/json\"\n  }\n}).then(function (response) {\n  expect(response.body).have.property(\"json\");\n  expect(response.body.json).to.deep.equal({\n    name: \"Shahin\",\n    age: 27\n  });\n});",
              "err": {},
              "uuid": "2157f660-47a7-4e2c-b694-0ba460af37a2",
              "parentUUID": "dbc5ab80-3991-42f0-b325-26dff3106bb4",
              "isHook": false,
              "skipped": false
            },
            {
              "title": "Validate a PUT request",
              "fullTitle": "API Testing Using Cypress Validate a PUT request",
              "timedOut": null,
              "duration": 117,
              "state": "passed",
              "speed": "slow",
              "pass": true,
              "fail": false,
              "pending": false,
              "context": null,
              "code": "cy.request({\n  method: \"PUT\",\n  url: \"https://httpbin.org/put\",\n  body: {\n    name: \"Ghazala\",\n    age: 28\n  },\n  headers: {\n    \"content-type\": \"application/json\"\n  }\n}).then(function (response) {\n  expect(response.body).have.property(\"json\");\n  expect(response.body.json).to.deep.equal({\n    name: \"Ghazala\",\n    age: 28\n  });\n});",
              "err": {},
              "uuid": "987317c3-f111-4fe7-a3b2-caaa34be94cc",
              "parentUUID": "dbc5ab80-3991-42f0-b325-26dff3106bb4",
              "isHook": false,
              "skipped": false
            },
            {
              "title": "Validate a PATCH request",
              "fullTitle": "API Testing Using Cypress Validate a PATCH request",
              "timedOut": null,
              "duration": 114,
              "state": "passed",
              "speed": "slow",
              "pass": true,
              "fail": false,
              "pending": false,
              "context": null,
              "code": "cy.request({\n  method: \"PATCH\",\n  url: \"https://httpbin.org/patch\",\n  body: {\n    name: \"Ghazala\",\n    Profession: \"Tester\",\n    age: 28\n  },\n  headers: {\n    \"content-type\": \"application/json\"\n  }\n}).then(function (response) {\n  expect(response.body).have.property(\"json\");\n  expect(response.body.json).to.deep.equal({\n    name: \"Ghazala\",\n    Profession: \"Tester\",\n    age: 28\n  });\n});",
              "err": {},
              "uuid": "f85c334f-3eff-411e-9b4d-40be4453d250",
              "parentUUID": "dbc5ab80-3991-42f0-b325-26dff3106bb4",
              "isHook": false,
              "skipped": false
            },
            {
              "title": "Validate a DELETE request",
              "fullTitle": "API Testing Using Cypress Validate a DELETE request",
              "timedOut": null,
              "duration": 110,
              "state": "passed",
              "speed": "slow",
              "pass": true,
              "fail": false,
              "pending": false,
              "context": null,
              "code": "cy.request({\n  method: \"DELETE\",\n  url: \"https://httpbin.org/delete\"\n}).then(function (response) {\n  expect(response.body.json).to.equal(null);\n});",
              "err": {},
              "uuid": "bf80398d-dc9c-4423-bbc0-a036dd25579c",
              "parentUUID": "dbc5ab80-3991-42f0-b325-26dff3106bb4",
              "isHook": false,
              "skipped": false
            }
          ],
          "suites": [],
          "passes": [
            "4f7fd4cf-0efd-4f84-92ea-bd789e0c9642",
            "2157f660-47a7-4e2c-b694-0ba460af37a2",
            "987317c3-f111-4fe7-a3b2-caaa34be94cc",
            "f85c334f-3eff-411e-9b4d-40be4453d250",
            "bf80398d-dc9c-4423-bbc0-a036dd25579c"
          ],
          "failures": [],
          "pending": [],
          "skipped": [],
          "duration": 661,
          "root": false,
          "rootEmpty": false,
          "_timeout": 2000
        }
      ],
      "passes": [],
      "failures": [],
      "pending": [],
      "skipped": [],
      "duration": 0,
      "root": true,
      "rootEmpty": true,
      "_timeout": 2000
    }
  ],
  "meta": {
    "mocha": {
      "version": "7.0.1"
    },
    "mochawesome": {
      "options": {
        "quiet": false,
        "reportFilename": "mochawesome",
        "saveHtml": true,
        "saveJson": true,
        "consoleReporter": "spec",
        "useInlineDiffs": false,
        "code": true
      },
      "version": "7.1.3"
    },
    "marge": {
      "options": {
        "charts": false,
        "html": true,
        "json": true,
        "reportDir": "cypress/report/mochawesome-report",
        "overwrite": false,
        "inline": true
      },
      "version": "6.2.0"
    }
  }
}